<?xml version="1.0" encoding="UTF-8"?>
<!-- Generated by org.testng.reporters.JUnitXMLReporter -->
<testsuite ignored="0" hostname="DESKTOP-HJ1QSES" failures="2" tests="3" name="Test" time="3.689" errors="0" timestamp="2025-01-28T22:07:02 IST">
  <testcase classname="com.runner.ListnerRunner" name="launchBrowser" time="1.58"/>
  <testcase classname="com.runner.ListnerRunner" name="launchApplication" time="2.027">
    <failure type="java.lang.AssertionError" message="null">
      <![CDATA[java.lang.AssertionError: null
at com.runner.ListnerRunner.launchApplication(ListnerRunner.java:31)
at java.base/java.util.ArrayList.forEach(ArrayList.java:1596)
... Removed 27 stack frames]]>
    </failure>
  </testcase> <!-- launchApplication -->
  <testcase classname="com.runner.ListnerRunner" name="launchApplication" time="2.053">
    <failure type="java.lang.NullPointerException" message="Cannot invoke &amp;quot;org.openqa.selenium.TakesScreenshot.getScreenshotAs(org.openqa.selenium.OutputType)&amp;quot; because &amp;quot;ts&amp;quot; is null">
      <![CDATA[java.lang.NullPointerException: Cannot invoke "org.openqa.selenium.TakesScreenshot.getScreenshotAs(org.openqa.selenium.OutputType)" because "ts" is null
at com.generic.TakeScreenShot.GetPhoto(TakeScreenShot.java:19)
at com.generic.ListenerDemo.onTestFailure(ListenerDemo.java:31)
at java.base/java.util.ArrayList.forEach(ArrayList.java:1596)
... Removed 24 stack frames]]>
    </failure>
  </testcase> <!-- launchApplication -->
</testsuite> <!-- Test -->
