<?xml version="1.0" encoding="UTF-8"?>
<!-- Generated by org.testng.reporters.JUnitXMLReporter -->
<testsuite ignored="0" hostname="DESKTOP-HJ1QSES" failures="0" tests="8" name="Test" time="31.506" errors="0" timestamp="2025-01-11T14:58:15 IST">
  <testcase classname="qsp.Demo1" name="test1" time="0.016"/>
  <testcase classname="qsp.Demo1" name="test2" time="0.001"/>
  <testcase classname="qsp1.Demo4" name="test1" time="0.001"/>
  <testcase classname="qsp1.Demo4" name="test2" time="0.002"/>
  <testcase classname="qsp.Demo2" name="test1" time="0.001"/>
  <testcase classname="qsp1.Demo5" name="test1" time="0.001"/>
  <testcase classname="qsp.FacebookInstagramLogin" name="facebook" time="24.189"/>
  <testcase classname="qsp.FacebookInstagramLogin" name="instagram" time="7.237"/>
</testsuite> <!-- Test -->
