<?xml version="1.0" encoding="UTF-8"?>
<testng-results ignored="0" total="1" passed="1" failed="0" skipped="0">
  <reporter-output>
  </reporter-output>
  <suite started-at="2025-01-21T14:56:46 IST" name="Default suite" finished-at="2025-01-21T14:57:03 IST" duration-ms="16894">
    <groups>
    </groups>
    <test started-at="2025-01-21T14:56:46 IST" name="Default test" finished-at="2025-01-21T14:57:03 IST" duration-ms="16894">
      <class name="com.POM.runner.Runner">
        <test-method signature="data()[pri:0, instance:com.POM.runner.Runner@20f5239f]" started-at="2025-01-21T14:56:46 IST" name="data" finished-at="2025-01-21T14:57:03 IST" duration-ms="16862" status="PASS">
          <reporter-output>
          </reporter-output>
        </test-method> <!-- data -->
      </class> <!-- com.POM.runner.Runner -->
    </test> <!-- Default test -->
  </suite> <!-- Default suite -->
</testng-results>
